# JRE version: Java(TM) SE Runtime Environment (8.0_161-b12) (build 1.8.0_161-b12)
# Java VM: Java HotSpot(TM) 64-Bit Server VM (25.161-b12 mixed mode linux-amd64 compressed oops)
Heap:
 PSYoungGen      total 128000K, used 5099K [0x00000000d8300000, 0x00000000e0500000, 0x0000000100000000)
  eden space 122880K, 0% used [0x00000000d8300000,0x00000000d8300000,0x00000000dfb00000)
  from space 5120K, 99% used [0x00000000dfb00000,0x00000000dfffac70,0x00000000e0000000)
  to   space 5120K, 0% used [0x00000000e0000000,0x00000000e0000000,0x00000000e0500000)
 ParOldGen       total 46592K, used 17696K [0x0000000088800000, 0x000000008b580000, 0x00000000d8300000)
  object space 46592K, 37% used [0x0000000088800000,0x0000000089948228,0x000000008b580000)
 Metaspace       used 32493K, capacity 33400K, committed 33536K, reserved 1079296K
  class space    used 4299K, capacity 4513K, committed 4608K, reserved 1048576K
GC Heap History (10 events):
Event: 1,175 GC heap after
Heap after GC invocations=1 (full 0):
 PSYoungGen      total 35840K, used 5098K [0x00000000d8300000, 0x00000000dc900000, 0x0000000100000000)
  eden space 30720K, 0% used [0x00000000d8300000,0x00000000d8300000,0x00000000da100000)
  from space 5120K, 99% used [0x00000000da100000,0x00000000da5fabb0,0x00000000da600000)
  to   space 5120K, 0% used [0x00000000dc400000,0x00000000dc400000,0x00000000dc900000)
 ParOldGen       total 81920K, used 320K [0x0000000088800000, 0x000000008d800000, 0x00000000d8300000)
  object space 81920K, 0% used [0x0000000088800000,0x00000000888501d8,0x000000008d800000)
 Metaspace       used 10028K, capacity 10294K, committed 10624K, reserved 1058816K
  class space    used 1309K, capacity 1363K, committed 1408K, reserved 1048576K
}
Event: 1,584 GC heap before
{Heap before GC invocations=2 (full 0):
 PSYoungGen      total 35840K, used 35818K [0x00000000d8300000, 0x00000000dc900000, 0x0000000100000000)
  eden space 30720K, 100% used [0x00000000d8300000,0x00000000da100000,0x00000000da100000)
  from space 5120K, 99% used [0x00000000da100000,0x00000000da5fabb0,0x00000000da600000)
  to   space 5120K, 0% used [0x00000000dc400000,0x00000000dc400000,0x00000000dc900000)
 ParOldGen       total 81920K, used 320K [0x0000000088800000, 0x000000008d800000, 0x00000000d8300000)
  object space 81920K, 0% used [0x0000000088800000,0x00000000888501d8,0x000000008d800000)
 Metaspace       used 14052K, capacity 14452K, committed 14592K, reserved 1062912K
  class space    used 1820K, capacity 1942K, committed 2048K, reserved 1048576K
Event: 1,598 GC heap after
Heap after GC invocations=2 (full 0):
 PSYoungGen      total 66560K, used 5115K [0x00000000d8300000, 0x00000000dc900000, 0x0000000100000000)
  eden space 61440K, 0% used [0x00000000d8300000,0x00000000d8300000,0x00000000dbf00000)
  from space 5120K, 99% used [0x00000000dc400000,0x00000000dc8fedb8,0x00000000dc900000)
  to   space 5120K, 0% used [0x00000000dbf00000,0x00000000dbf00000,0x00000000dc400000)
 ParOldGen       total 81920K, used 1116K [0x0000000088800000, 0x000000008d800000, 0x00000000d8300000)
  object space 81920K, 1% used [0x0000000088800000,0x00000000889173d8,0x000000008d800000)
 Metaspace       used 14052K, capacity 14452K, committed 14592K, reserved 1062912K
  class space    used 1820K, capacity 1942K, committed 2048K, reserved 1048576K
}
Event: 2,274 GC heap before
{Heap before GC invocations=3 (full 0):
 PSYoungGen      total 66560K, used 66555K [0x00000000d8300000, 0x00000000dc900000, 0x0000000100000000)
  eden space 61440K, 100% used [0x00000000d8300000,0x00000000dbf00000,0x00000000dbf00000)
  from space 5120K, 99% used [0x00000000dc400000,0x00000000dc8fedb8,0x00000000dc900000)
  to   space 5120K, 0% used [0x00000000dbf00000,0x00000000dbf00000,0x00000000dc400000)
 ParOldGen       total 81920K, used 1116K [0x0000000088800000, 0x000000008d800000, 0x00000000d8300000)
  object space 81920K, 1% used [0x0000000088800000,0x00000000889173d8,0x000000008d800000)
 Metaspace       used 20315K, capacity 20914K, committed 21120K, reserved 1067008K
  class space    used 2727K, capacity 2894K, committed 2944K, reserved 1048576K
Event: 2,288 GC heap after
Heap after GC invocations=3 (full 0):
 PSYoungGen      total 66560K, used 5104K [0x00000000d8300000, 0x00000000e0500000, 0x0000000100000000)
  eden space 61440K, 0% used [0x00000000d8300000,0x00000000d8300000,0x00000000dbf00000)
  from space 5120K, 99% used [0x00000000dbf00000,0x00000000dc3fc050,0x00000000dc400000)
  to   space 5120K, 0% used [0x00000000e0000000,0x00000000e0000000,0x00000000e0500000)
 ParOldGen       total 81920K, used 5958K [0x0000000088800000, 0x000000008d800000, 0x00000000d8300000)
  object space 81920K, 7% used [0x0000000088800000,0x0000000088dd1878,0x000000008d800000)
 Metaspace       used 20315K, capacity 20914K, committed 21120K, reserved 1067008K
  class space    used 2727K, capacity 2894K, committed 2944K, reserved 1048576K
}
Event: 2,320 GC heap before
{Heap before GC invocations=4 (full 0):
 PSYoungGen      total 66560K, used 7639K [0x00000000d8300000, 0x00000000e0500000, 0x0000000100000000)
  eden space 61440K, 4% used [0x00000000d8300000,0x00000000d8579c50,0x00000000dbf00000)
  from space 5120K, 99% used [0x00000000dbf00000,0x00000000dc3fc050,0x00000000dc400000)
  to   space 5120K, 0% used [0x00000000e0000000,0x00000000e0000000,0x00000000e0500000)
 ParOldGen       total 81920K, used 5958K [0x0000000088800000, 0x000000008d800000, 0x00000000d8300000)
  object space 81920K, 7% used [0x0000000088800000,0x0000000088dd1878,0x000000008d800000)
 Metaspace       used 20624K, capacity 21226K, committed 21296K, reserved 1067008K
  class space    used 2758K, capacity 2930K, committed 2944K, reserved 1048576K
Event: 2,333 GC heap after
Heap after GC invocations=4 (full 0):
 PSYoungGen      total 128000K, used 5088K [0x00000000d8300000, 0x00000000e0500000, 0x0000000100000000)
  eden space 122880K, 0% used [0x00000000d8300000,0x00000000d8300000,0x00000000dfb00000)
  from space 5120K, 99% used [0x00000000e0000000,0x00000000e04f8020,0x00000000e0500000)
  to   space 5120K, 0% used [0x00000000dfb00000,0x00000000dfb00000,0x00000000e0000000)
 ParOldGen       total 81920K, used 6297K [0x0000000088800000, 0x000000008d800000, 0x00000000d8300000)
  object space 81920K, 7% used [0x0000000088800000,0x0000000088e26510,0x000000008d800000)
 Metaspace       used 20624K, capacity 21226K, committed 21296K, reserved 1067008K
  class space    used 2758K, capacity 2930K, committed 2944K, reserved 1048576K
}
Event: 2,333 GC heap before
{Heap before GC invocations=5 (full 1):
 PSYoungGen      total 128000K, used 5088K [0x00000000d8300000, 0x00000000e0500000, 0x0000000100000000)
  eden space 122880K, 0% used [0x00000000d8300000,0x00000000d8300000,0x00000000dfb00000)
  from space 5120K, 99% used [0x00000000e0000000,0x00000000e04f8020,0x00000000e0500000)
  to   space 5120K, 0% used [0x00000000dfb00000,0x00000000dfb00000,0x00000000e0000000)
 ParOldGen       total 81920K, used 6297K [0x0000000088800000, 0x000000008d800000, 0x00000000d8300000)
  object space 81920K, 7% used [0x0000000088800000,0x0000000088e26510,0x000000008d800000)
 Metaspace       used 20624K, capacity 21226K, committed 21296K, reserved 1067008K
  class space    used 2758K, capacity 2930K, committed 2944K, reserved 1048576K
Event: 2,375 GC heap after
Heap after GC invocations=5 (full 1):
 PSYoungGen      total 128000K, used 0K [0x00000000d8300000, 0x00000000e0500000, 0x0000000100000000)
  eden space 122880K, 0% used [0x00000000d8300000,0x00000000d8300000,0x00000000dfb00000)
  from space 5120K, 0% used [0x00000000e0000000,0x00000000e0000000,0x00000000e0500000)
  to   space 5120K, 0% used [0x00000000dfb00000,0x00000000dfb00000,0x00000000e0000000)
 ParOldGen       total 46592K, used 5335K [0x0000000088800000, 0x000000008b580000, 0x00000000d8300000)
  object space 46592K, 11% used [0x0000000088800000,0x0000000088d35d90,0x000000008b580000)
 Metaspace       used 20624K, capacity 21226K, committed 21296K, reserved 1067008K
  class space    used 2758K, capacity 2930K, committed 2944K, reserved 1048576K
}
Event: 5,855 GC heap before
{Heap before GC invocations=6 (full 1):
 PSYoungGen      total 128000K, used 122880K [0x00000000d8300000, 0x00000000e0500000, 0x0000000100000000)
  eden space 122880K, 100% used [0x00000000d8300000,0x00000000dfb00000,0x00000000dfb00000)
  from space 5120K, 0% used [0x00000000e0000000,0x00000000e0000000,0x00000000e0500000)
  to   space 5120K, 0% used [0x00000000dfb00000,0x00000000dfb00000,0x00000000e0000000)
 ParOldGen       total 46592K, used 5335K [0x0000000088800000, 0x000000008b580000, 0x00000000d8300000)
  object space 46592K, 11% used [0x0000000088800000,0x0000000088d35d90,0x000000008b580000)
 Metaspace       used 32493K, capacity 33400K, committed 33536K, reserved 1079296K
  class space    used 4299K, capacity 4513K, committed 4608K, reserved 1048576K

